<?xml version="1.0" encoding="UTF-8"?>
<coverage generated="1767921851469" clover="3.2.0">
  <project timestamp="1767921851469" name="All files">
    <metrics statements="60" coveredstatements="58" conditionals="38" coveredconditionals="31" methods="5" coveredmethods="5" elements="103" coveredelements="94" complexity="0" loc="60" ncloc="60" packages="1" files="1" classes="1"/>
    <file name="correlationService.ts" path="C:\Dev\Projects\PropLab\services\correlationService.ts">
      <metrics statements="60" coveredstatements="58" conditionals="38" coveredconditionals="31" methods="5" coveredmethods="5"/>
      <line num="13" count="1" type="stmt"/>
      <line num="36" count="1" type="stmt"/>
      <line num="41" count="6" type="stmt"/>
      <line num="42" count="6" type="stmt"/>
      <line num="44" count="6" type="cond" truecount="1" falsecount="1"/>
      <line num="47" count="6" type="stmt"/>
      <line num="48" count="6" type="stmt"/>
      <line num="51" count="6" type="stmt"/>
      <line num="53" count="6" type="cond" truecount="2" falsecount="0"/>
      <line num="55" count="5" type="cond" truecount="2" falsecount="0"/>
      <line num="57" count="4" type="stmt"/>
      <line num="60" count="4" type="cond" truecount="2" falsecount="0"/>
      <line num="61" count="2" type="cond" truecount="1" falsecount="1"/>
      <line num="65" count="2" type="cond" truecount="1" falsecount="1"/>
      <line num="70" count="2" type="stmt"/>
      <line num="76" count="1" type="stmt"/>
      <line num="77" count="2" type="stmt"/>
      <line num="78" count="2" type="stmt"/>
      <line num="79" count="4" type="stmt"/>
      <line num="80" count="2" type="stmt"/>
      <line num="81" count="2" type="cond" truecount="4" falsecount="0"/>
      <line num="82" count="1" type="stmt"/>
      <line num="86" count="2" type="stmt"/>
      <line num="92" count="1" type="stmt"/>
      <line num="93" count="1" type="stmt"/>
      <line num="94" count="1" type="stmt"/>
      <line num="95" count="2" type="stmt"/>
      <line num="96" count="1" type="stmt"/>
      <line num="97" count="1" type="cond" truecount="3" falsecount="1"/>
      <line num="98" count="1" type="stmt"/>
      <line num="102" count="1" type="stmt"/>
      <line num="108" count="1" type="stmt"/>
      <line num="109" count="3" type="stmt"/>
      <line num="110" count="3" type="stmt"/>
      <line num="116" count="1" type="stmt"/>
      <line num="117" count="3" type="cond" truecount="1" falsecount="1"/>
      <line num="118" count="0" type="stmt"/>
      <line num="121" count="3" type="stmt"/>
      <line num="122" count="3" type="stmt"/>
      <line num="123" count="3" type="stmt"/>
      <line num="126" count="3" type="stmt"/>
      <line num="127" count="6" type="stmt"/>
      <line num="128" count="3" type="stmt"/>
      <line num="129" count="3" type="stmt"/>
      <line num="131" count="3" type="stmt"/>
      <line num="132" count="3" type="cond" truecount="2" falsecount="0"/>
      <line num="133" count="2" type="stmt"/>
      <line num="134" count="2" type="cond" truecount="2" falsecount="0"/>
      <line num="135" count="2" type="stmt"/>
      <line num="142" count="3" type="stmt"/>
      <line num="143" count="3" type="cond" truecount="2" falsecount="0"/>
      <line num="144" count="2" type="stmt"/>
      <line num="147" count="3" type="stmt"/>
      <line num="149" count="3" type="stmt"/>
      <line num="150" count="3" type="cond" truecount="3" falsecount="1"/>
      <line num="151" count="2" type="cond" truecount="2" falsecount="0"/>
      <line num="152" count="1" type="cond" truecount="1" falsecount="1"/>
      <line num="153" count="0" type="stmt"/>
      <line num="154" count="1" type="stmt"/>
      <line num="156" count="3" type="stmt"/>
    </file>
  </project>
</coverage>
