{"C:\\Dev\\Projects\\PropLab\\services\\correlationService.ts": {"path":"C:\\Dev\\Projects\\PropLab\\services\\correlationService.ts","statementMap":{"0":{"start":{"line":13,"column":59},"end":{"line":25,"column":null}},"1":{"start":{"line":36,"column":27},"end":{"line":71,"column":null}},"2":{"start":{"line":41,"column":19},"end":{"line":41,"column":null}},"3":{"start":{"line":42,"column":19},"end":{"line":42,"column":null}},"4":{"start":{"line":44,"column":2},"end":{"line":44,"column":null}},"5":{"start":{"line":44,"column":17},"end":{"line":44,"column":null}},"6":{"start":{"line":47,"column":18},"end":{"line":47,"column":null}},"7":{"start":{"line":48,"column":14},"end":{"line":48,"column":null}},"8":{"start":{"line":51,"column":15},"end":{"line":51,"column":null}},"9":{"start":{"line":53,"column":2},"end":{"line":68,"column":null}},"10":{"start":{"line":55,"column":4},"end":{"line":67,"column":null}},"11":{"start":{"line":57,"column":29},"end":{"line":57,"column":null}},"12":{"start":{"line":60,"column":7},"end":{"line":66,"column":null}},"13":{"start":{"line":61,"column":9},"end":{"line":61,"column":null}},"14":{"start":{"line":65,"column":9},"end":{"line":65,"column":null}},"15":{"start":{"line":70,"column":2},"end":{"line":70,"column":null}},"16":{"start":{"line":76,"column":36},"end":{"line":87,"column":null}},"17":{"start":{"line":77,"column":36},"end":{"line":77,"column":null}},"18":{"start":{"line":78,"column":2},"end":{"line":85,"column":null}},"19":{"start":{"line":78,"column":15},"end":{"line":78,"column":18}},"20":{"start":{"line":79,"column":4},"end":{"line":84,"column":null}},"21":{"start":{"line":79,"column":17},"end":{"line":79,"column":24}},"22":{"start":{"line":80,"column":26},"end":{"line":80,"column":null}},"23":{"start":{"line":81,"column":6},"end":{"line":83,"column":null}},"24":{"start":{"line":82,"column":8},"end":{"line":82,"column":null}},"25":{"start":{"line":86,"column":2},"end":{"line":86,"column":null}},"26":{"start":{"line":92,"column":37},"end":{"line":103,"column":null}},"27":{"start":{"line":93,"column":36},"end":{"line":93,"column":null}},"28":{"start":{"line":94,"column":2},"end":{"line":101,"column":null}},"29":{"start":{"line":94,"column":15},"end":{"line":94,"column":18}},"30":{"start":{"line":95,"column":4},"end":{"line":100,"column":null}},"31":{"start":{"line":95,"column":17},"end":{"line":95,"column":24}},"32":{"start":{"line":96,"column":26},"end":{"line":96,"column":null}},"33":{"start":{"line":97,"column":6},"end":{"line":99,"column":null}},"34":{"start":{"line":98,"column":8},"end":{"line":98,"column":null}},"35":{"start":{"line":102,"column":2},"end":{"line":102,"column":null}},"36":{"start":{"line":108,"column":34},"end":{"line":111,"column":null}},"37":{"start":{"line":109,"column":17},"end":{"line":109,"column":null}},"38":{"start":{"line":110,"column":2},"end":{"line":110,"column":null}},"39":{"start":{"line":116,"column":40},"end":{"line":161,"column":null}},"40":{"start":{"line":117,"column":2},"end":{"line":119,"column":null}},"41":{"start":{"line":118,"column":4},"end":{"line":118,"column":null}},"42":{"start":{"line":121,"column":19},"end":{"line":121,"column":null}},"43":{"start":{"line":122,"column":28},"end":{"line":122,"column":null}},"44":{"start":{"line":123,"column":18},"end":{"line":123,"column":null}},"45":{"start":{"line":126,"column":2},"end":{"line":138,"column":null}},"46":{"start":{"line":126,"column":15},"end":{"line":126,"column":18}},"47":{"start":{"line":127,"column":4},"end":{"line":137,"column":null}},"48":{"start":{"line":127,"column":17},"end":{"line":127,"column":24}},"49":{"start":{"line":128,"column":17},"end":{"line":128,"column":null}},"50":{"start":{"line":129,"column":17},"end":{"line":129,"column":null}},"51":{"start":{"line":131,"column":26},"end":{"line":131,"column":null}},"52":{"start":{"line":132,"column":6},"end":{"line":136,"column":null}},"53":{"start":{"line":133,"column":8},"end":{"line":133,"column":null}},"54":{"start":{"line":134,"column":8},"end":{"line":134,"column":null}},"55":{"start":{"line":135,"column":8},"end":{"line":135,"column":null}},"56":{"start":{"line":142,"column":19},"end":{"line":142,"column":null}},"57":{"start":{"line":143,"column":2},"end":{"line":145,"column":null}},"58":{"start":{"line":144,"column":4},"end":{"line":144,"column":null}},"59":{"start":{"line":147,"column":2},"end":{"line":147,"column":null}},"60":{"start":{"line":149,"column":43},"end":{"line":149,"column":null}},"61":{"start":{"line":150,"column":2},"end":{"line":154,"column":null}},"62":{"start":{"line":150,"column":24},"end":{"line":150,"column":null}},"63":{"start":{"line":150,"column":32},"end":{"line":154,"column":null}},"64":{"start":{"line":151,"column":29},"end":{"line":151,"column":null}},"65":{"start":{"line":151,"column":37},"end":{"line":154,"column":null}},"66":{"start":{"line":152,"column":29},"end":{"line":152,"column":null}},"67":{"start":{"line":152,"column":37},"end":{"line":154,"column":null}},"68":{"start":{"line":153,"column":29},"end":{"line":153,"column":null}},"69":{"start":{"line":154,"column":7},"end":{"line":154,"column":null}},"70":{"start":{"line":156,"column":2},"end":{"line":160,"column":null}}},"fnMap":{"0":{"name":"(anonymous_0)","decl":{"start":{"line":36,"column":27},"end":{"line":36,"column":28}},"loc":{"start":{"line":36,"column":93},"end":{"line":71,"column":null}},"line":36},"1":{"name":"(anonymous_1)","decl":{"start":{"line":76,"column":36},"end":{"line":76,"column":37}},"loc":{"start":{"line":76,"column":88},"end":{"line":87,"column":null}},"line":76},"2":{"name":"(anonymous_2)","decl":{"start":{"line":92,"column":37},"end":{"line":92,"column":38}},"loc":{"start":{"line":92,"column":89},"end":{"line":103,"column":null}},"line":92},"3":{"name":"(anonymous_3)","decl":{"start":{"line":108,"column":34},"end":{"line":108,"column":35}},"loc":{"start":{"line":108,"column":96},"end":{"line":111,"column":null}},"line":108},"4":{"name":"(anonymous_4)","decl":{"start":{"line":116,"column":40},"end":{"line":116,"column":41}},"loc":{"start":{"line":116,"column":92},"end":{"line":161,"column":null}},"line":116}},"branchMap":{"0":{"loc":{"start":{"line":44,"column":2},"end":{"line":44,"column":null}},"type":"if","locations":[{"start":{"line":44,"column":2},"end":{"line":44,"column":null}},{"start":{},"end":{}}],"line":44},"1":{"loc":{"start":{"line":53,"column":2},"end":{"line":68,"column":null}},"type":"if","locations":[{"start":{"line":53,"column":2},"end":{"line":68,"column":null}},{"start":{},"end":{}}],"line":53},"2":{"loc":{"start":{"line":55,"column":4},"end":{"line":67,"column":null}},"type":"if","locations":[{"start":{"line":55,"column":4},"end":{"line":67,"column":null}},{"start":{},"end":{}}],"line":55},"3":{"loc":{"start":{"line":60,"column":7},"end":{"line":66,"column":null}},"type":"if","locations":[{"start":{"line":60,"column":7},"end":{"line":66,"column":null}},{"start":{"line":64,"column":12},"end":{"line":66,"column":null}}],"line":60},"4":{"loc":{"start":{"line":61,"column":16},"end":{"line":61,"column":null}},"type":"cond-expr","locations":[{"start":{"line":61,"column":32},"end":{"line":61,"column":39}},{"start":{"line":61,"column":39},"end":{"line":61,"column":null}}],"line":61},"5":{"loc":{"start":{"line":65,"column":16},"end":{"line":65,"column":null}},"type":"cond-expr","locations":[{"start":{"line":65,"column":33},"end":{"line":65,"column":111}},{"start":{"line":65,"column":111},"end":{"line":65,"column":null}}],"line":65},"6":{"loc":{"start":{"line":81,"column":6},"end":{"line":83,"column":null}},"type":"if","locations":[{"start":{"line":81,"column":6},"end":{"line":83,"column":null}},{"start":{},"end":{}}],"line":81},"7":{"loc":{"start":{"line":81,"column":10},"end":{"line":81,"column":48}},"type":"binary-expr","locations":[{"start":{"line":81,"column":10},"end":{"line":81,"column":25}},{"start":{"line":81,"column":25},"end":{"line":81,"column":48}}],"line":81},"8":{"loc":{"start":{"line":97,"column":6},"end":{"line":99,"column":null}},"type":"if","locations":[{"start":{"line":97,"column":6},"end":{"line":99,"column":null}},{"start":{},"end":{}}],"line":97},"9":{"loc":{"start":{"line":97,"column":10},"end":{"line":97,"column":48}},"type":"binary-expr","locations":[{"start":{"line":97,"column":10},"end":{"line":97,"column":25}},{"start":{"line":97,"column":25},"end":{"line":97,"column":48}}],"line":97},"10":{"loc":{"start":{"line":117,"column":2},"end":{"line":119,"column":null}},"type":"if","locations":[{"start":{"line":117,"column":2},"end":{"line":119,"column":null}},{"start":{},"end":{}}],"line":117},"11":{"loc":{"start":{"line":132,"column":6},"end":{"line":136,"column":null}},"type":"if","locations":[{"start":{"line":132,"column":6},"end":{"line":136,"column":null}},{"start":{},"end":{}}],"line":132},"12":{"loc":{"start":{"line":134,"column":52},"end":{"line":134,"column":84}},"type":"cond-expr","locations":[{"start":{"line":134,"column":76},"end":{"line":134,"column":82}},{"start":{"line":134,"column":82},"end":{"line":134,"column":84}}],"line":134},"13":{"loc":{"start":{"line":143,"column":2},"end":{"line":145,"column":null}},"type":"if","locations":[{"start":{"line":143,"column":2},"end":{"line":145,"column":null}},{"start":{},"end":{}}],"line":143},"14":{"loc":{"start":{"line":150,"column":2},"end":{"line":154,"column":null}},"type":"if","locations":[{"start":{"line":150,"column":2},"end":{"line":154,"column":null}},{"start":{"line":150,"column":32},"end":{"line":154,"column":null}}],"line":150},"15":{"loc":{"start":{"line":150,"column":32},"end":{"line":154,"column":null}},"type":"if","locations":[{"start":{"line":150,"column":32},"end":{"line":154,"column":null}},{"start":{"line":151,"column":37},"end":{"line":154,"column":null}}],"line":150},"16":{"loc":{"start":{"line":151,"column":37},"end":{"line":154,"column":null}},"type":"if","locations":[{"start":{"line":151,"column":37},"end":{"line":154,"column":null}},{"start":{"line":152,"column":37},"end":{"line":154,"column":null}}],"line":151},"17":{"loc":{"start":{"line":152,"column":37},"end":{"line":154,"column":null}},"type":"if","locations":[{"start":{"line":152,"column":37},"end":{"line":154,"column":null}},{"start":{"line":154,"column":7},"end":{"line":154,"column":null}}],"line":152},"18":{"loc":{"start":{"line":158,"column":13},"end":{"line":158,"column":null}},"type":"cond-expr","locations":[{"start":{"line":158,"column":34},"end":{"line":158,"column":44}},{"start":{"line":158,"column":44},"end":{"line":158,"column":null}}],"line":158}},"s":{"0":1,"1":1,"2":6,"3":6,"4":6,"5":0,"6":6,"7":6,"8":6,"9":6,"10":5,"11":4,"12":4,"13":2,"14":2,"15":2,"16":1,"17":2,"18":2,"19":2,"20":4,"21":4,"22":2,"23":2,"24":1,"25":2,"26":1,"27":1,"28":1,"29":1,"30":2,"31":2,"32":1,"33":1,"34":1,"35":1,"36":1,"37":3,"38":3,"39":1,"40":3,"41":0,"42":3,"43":3,"44":3,"45":3,"46":3,"47":6,"48":6,"49":3,"50":3,"51":3,"52":3,"53":2,"54":2,"55":2,"56":3,"57":3,"58":2,"59":3,"60":3,"61":3,"62":1,"63":2,"64":0,"65":2,"66":1,"67":1,"68":0,"69":1,"70":3},"f":{"0":6,"1":2,"2":1,"3":3,"4":3},"b":{"0":[0,6],"1":[5,1],"2":[4,1],"3":[2,2],"4":[2,0],"5":[0,2],"6":[1,1],"7":[2,1],"8":[1,0],"9":[1,1],"10":[0,3],"11":[2,1],"12":[1,1],"13":[2,1],"14":[1,2],"15":[0,2],"16":[1,1],"17":[0,1],"18":[2,1]},"meta":{"lastBranch":19,"lastFunction":5,"lastStatement":71,"seen":{"s:13:59:25:Infinity":0,"s:36:27:71:Infinity":1,"f:36:27:36:28":0,"s:41:19:41:Infinity":2,"s:42:19:42:Infinity":3,"b:44:2:44:Infinity:undefined:undefined:undefined:undefined":0,"s:44:2:44:Infinity":4,"s:44:17:44:Infinity":5,"s:47:18:47:Infinity":6,"s:48:14:48:Infinity":7,"s:51:15:51:Infinity":8,"b:53:2:68:Infinity:undefined:undefined:undefined:undefined":1,"s:53:2:68:Infinity":9,"b:55:4:67:Infinity:undefined:undefined:undefined:undefined":2,"s:55:4:67:Infinity":10,"s:57:29:57:Infinity":11,"b:60:7:66:Infinity:64:12:66:Infinity":3,"s:60:7:66:Infinity":12,"s:61:9:61:Infinity":13,"b:61:32:61:39:61:39:61:Infinity":4,"s:65:9:65:Infinity":14,"b:65:33:65:111:65:111:65:Infinity":5,"s:70:2:70:Infinity":15,"s:76:36:87:Infinity":16,"f:76:36:76:37":1,"s:77:36:77:Infinity":17,"s:78:2:85:Infinity":18,"s:78:15:78:18":19,"s:79:4:84:Infinity":20,"s:79:17:79:24":21,"s:80:26:80:Infinity":22,"b:81:6:83:Infinity:undefined:undefined:undefined:undefined":6,"s:81:6:83:Infinity":23,"b:81:10:81:25:81:25:81:48":7,"s:82:8:82:Infinity":24,"s:86:2:86:Infinity":25,"s:92:37:103:Infinity":26,"f:92:37:92:38":2,"s:93:36:93:Infinity":27,"s:94:2:101:Infinity":28,"s:94:15:94:18":29,"s:95:4:100:Infinity":30,"s:95:17:95:24":31,"s:96:26:96:Infinity":32,"b:97:6:99:Infinity:undefined:undefined:undefined:undefined":8,"s:97:6:99:Infinity":33,"b:97:10:97:25:97:25:97:48":9,"s:98:8:98:Infinity":34,"s:102:2:102:Infinity":35,"s:108:34:111:Infinity":36,"f:108:34:108:35":3,"s:109:17:109:Infinity":37,"s:110:2:110:Infinity":38,"s:116:40:161:Infinity":39,"f:116:40:116:41":4,"b:117:2:119:Infinity:undefined:undefined:undefined:undefined":10,"s:117:2:119:Infinity":40,"s:118:4:118:Infinity":41,"s:121:19:121:Infinity":42,"s:122:28:122:Infinity":43,"s:123:18:123:Infinity":44,"s:126:2:138:Infinity":45,"s:126:15:126:18":46,"s:127:4:137:Infinity":47,"s:127:17:127:24":48,"s:128:17:128:Infinity":49,"s:129:17:129:Infinity":50,"s:131:26:131:Infinity":51,"b:132:6:136:Infinity:undefined:undefined:undefined:undefined":11,"s:132:6:136:Infinity":52,"s:133:8:133:Infinity":53,"s:134:8:134:Infinity":54,"b:134:76:134:82:134:82:134:84":12,"s:135:8:135:Infinity":55,"s:142:19:142:Infinity":56,"b:143:2:145:Infinity:undefined:undefined:undefined:undefined":13,"s:143:2:145:Infinity":57,"s:144:4:144:Infinity":58,"s:147:2:147:Infinity":59,"s:149:43:149:Infinity":60,"b:150:2:154:Infinity:150:32:154:Infinity":14,"s:150:2:154:Infinity":61,"s:150:24:150:Infinity":62,"b:150:32:154:Infinity:151:37:154:Infinity":15,"s:150:32:154:Infinity":63,"s:151:29:151:Infinity":64,"b:151:37:154:Infinity:152:37:154:Infinity":16,"s:151:37:154:Infinity":65,"s:152:29:152:Infinity":66,"b:152:37:154:Infinity:154:7:154:Infinity":17,"s:152:37:154:Infinity":67,"s:153:29:153:Infinity":68,"s:154:7:154:Infinity":69,"s:156:2:160:Infinity":70,"b:158:34:158:44:158:44:158:Infinity":18}}}
}
